<?xml version="1.0" encoding="UTF-8"?>
<!-- Generated by org.testng.reporters.JUnitReportReporter -->
<testsuite hostname="LH7U05CG5397FQ4" name="Runner.TestRunner" tests="1" failures="0" timestamp="27 May 2019 07:35:40 GMT" time="153.973" errors="0">
  <testcase name="feature" time="153.973" classname="Runner.TestRunner"/>
</testsuite> <!-- Runner.TestRunner -->
